2022-07-27_14-18-05 [main] INFO  o.s.b.t.c.SpringBootTestContextBootstrapper - Neither @ContextConfiguration nor @ContextHierarchy found for test class [cts.mfpe.customer.CustomerMicroserviceApplicationTests], using SpringBootContextLoader
2022-07-27_14-18-05 [main] INFO  o.s.t.c.s.AbstractContextLoader - Could not detect default resource locations for test class [cts.mfpe.customer.CustomerMicroserviceApplicationTests]: no resource found for suffixes {-context.xml, Context.groovy}.
2022-07-27_14-18-05 [main] INFO  o.s.t.c.s.AnnotationConfigContextLoaderUtils - Could not detect default configuration classes for test class [cts.mfpe.customer.CustomerMicroserviceApplicationTests]: CustomerMicroserviceApplicationTests does not declare any static, non-private, non-final, nested classes annotated with @Configuration.
2022-07-27_14-18-05 [main] INFO  o.s.b.t.c.SpringBootTestContextBootstrapper - Found @SpringBootConfiguration cts.mfpe.customer.CustomerMicroserviceApplication for test class cts.mfpe.customer.CustomerMicroserviceApplicationTests
2022-07-27_14-18-05 [main] INFO  o.s.b.t.c.SpringBootTestContextBootstrapper - Loaded default TestExecutionListener class names from location [META-INF/spring.factories]: [org.springframework.boot.test.mock.mockito.MockitoTestExecutionListener, org.springframework.boot.test.mock.mockito.ResetMocksTestExecutionListener, org.springframework.boot.test.autoconfigure.restdocs.RestDocsTestExecutionListener, org.springframework.boot.test.autoconfigure.web.client.MockRestServiceServerResetTestExecutionListener, org.springframework.boot.test.autoconfigure.web.servlet.MockMvcPrintOnlyOnFailureTestExecutionListener, org.springframework.boot.test.autoconfigure.web.servlet.WebDriverTestExecutionListener, org.springframework.boot.test.autoconfigure.webservices.client.MockWebServiceServerTestExecutionListener, org.springframework.test.context.web.ServletTestExecutionListener, org.springframework.test.context.support.DirtiesContextBeforeModesTestExecutionListener, org.springframework.test.context.event.ApplicationEventsTestExecutionListener, org.springframework.test.context.support.DependencyInjectionTestExecutionListener, org.springframework.test.context.support.DirtiesContextTestExecutionListener, org.springframework.test.context.transaction.TransactionalTestExecutionListener, org.springframework.test.context.jdbc.SqlScriptsTestExecutionListener, org.springframework.test.context.event.EventPublishingTestExecutionListener]
2022-07-27_14-18-05 [main] INFO  o.s.b.t.c.SpringBootTestContextBootstrapper - Using TestExecutionListeners: [org.springframework.test.context.web.ServletTestExecutionListener@13275d8, org.springframework.test.context.support.DirtiesContextBeforeModesTestExecutionListener@15b82644, org.springframework.test.context.event.ApplicationEventsTestExecutionListener@20576557, org.springframework.boot.test.mock.mockito.MockitoTestExecutionListener@574cd322, org.springframework.boot.test.autoconfigure.SpringBootDependencyInjectionTestExecutionListener@45c2e0a6, org.springframework.test.context.support.DirtiesContextTestExecutionListener@119c745c, org.springframework.test.context.transaction.TransactionalTestExecutionListener@a7ad6e5, org.springframework.test.context.jdbc.SqlScriptsTestExecutionListener@3b1ed14b, org.springframework.test.context.event.EventPublishingTestExecutionListener@690bc15e, org.springframework.boot.test.mock.mockito.ResetMocksTestExecutionListener@1bc776b7, org.springframework.boot.test.autoconfigure.restdocs.RestDocsTestExecutionListener@475646d4, org.springframework.boot.test.autoconfigure.web.client.MockRestServiceServerResetTestExecutionListener@a0f53fc, org.springframework.boot.test.autoconfigure.web.servlet.MockMvcPrintOnlyOnFailureTestExecutionListener@3db972d2, org.springframework.boot.test.autoconfigure.web.servlet.WebDriverTestExecutionListener@1debc91c, org.springframework.boot.test.autoconfigure.webservices.client.MockWebServiceServerTestExecutionListener@687e4c93]
2022-07-27_14-18-07 [main] INFO  c.m.c.CustomerMicroserviceApplicationTests - Starting CustomerMicroserviceApplicationTests using Java 17.0.3 on LAPTOP-QHPNOEOI with PID 10088 (started by saket in F:\MFPE-main\Customer-Microservice)
2022-07-27_14-18-07 [main] INFO  c.m.c.CustomerMicroserviceApplicationTests - No active profile set, falling back to 1 default profile: "default"
2022-07-27_14-18-07 [main] INFO  o.s.d.r.c.RepositoryConfigurationDelegate - Bootstrapping Spring Data JPA repositories in DEFAULT mode.
2022-07-27_14-18-07 [main] INFO  o.s.d.r.c.RepositoryConfigurationDelegate - Finished Spring Data repository scanning in 92 ms. Found 2 JPA repository interfaces.
2022-07-27_14-18-07 [main] INFO  o.s.cloud.context.scope.GenericScope - BeanFactory id=7e7ce61a-4f76-3823-b65b-d37745eac6b5
2022-07-27_14-18-07 [main] INFO  com.zaxxer.hikari.HikariDataSource - HikariPool-1 - Starting...
2022-07-27_14-18-07 [main] INFO  com.zaxxer.hikari.HikariDataSource - HikariPool-1 - Start completed.
2022-07-27_14-18-07 [main] INFO  o.s.o.j.LocalContainerEntityManagerFactoryBean - Initialized JPA EntityManagerFactory for persistence unit 'default'
2022-07-27_14-18-07 [main] INFO  o.s.b.a.h.H2ConsoleAutoConfiguration - H2 console available at '/h2-console'. Database available at 'jdbc:h2:mem:testdb'
2022-07-27_14-18-07 [main] INFO  c.m.c.CustomerMicroserviceApplicationTests - Started CustomerMicroserviceApplicationTests in 12.387 seconds (JVM running for 17.816)
2022-07-27_14-18-07 [main] INFO  c.m.c.services.CustomerServiceImpl - Requirements: []
2022-07-27_14-18-07 [main] INFO  c.m.c.services.CustomerServiceImpl - Requirement with id 1 assigned to customer with id 1
2022-07-27_14-18-07 [main] INFO  c.m.c.services.CustomerServiceImpl - Customers: []
2022-07-27_14-18-07 [main] INFO  c.m.c.services.CustomerServiceImpl - Customer: Customer(id=1, name=ABCD, address=VVIP Mall, emailid=test@example.com, contactNumber=987654321, requirements=[Requirement(id=0, propertyType=null, locality=null, budget=0.0)])
2022-07-27_14-18-07 [main] INFO  c.m.c.services.CustomerServiceImpl - Customers: []
2022-07-27_14-18-07 [main] INFO  c.m.c.services.CustomerServiceImpl - Customers: [Customer(id=1, name=ABCD, address=VVIP Mall, emailid=test@example.com, contactNumber=987654321, requirements=[Requirement(id=0, propertyType=null, locality=null, budget=0.0)])]
2022-07-27_14-18-07 [main] INFO  c.m.c.services.CustomerServiceImpl - Customer: null
2022-07-27_14-18-07 [main] INFO  c.m.c.services.CustomerServiceImpl - Customers: []
2022-07-27_14-18-07 [main] INFO  c.m.c.services.CustomerServiceImpl - Customer Customer(id=1, name=ABCD, address=VVIP Mall, emailid=test@example.com, contactNumber=987654321, requirements=[Requirement(id=0, propertyType=null, locality=null, budget=0.0)]) created
2022-07-27_14-18-07 [main] INFO  c.m.c.services.CustomerServiceImpl - Properties: []
2022-07-27_14-18-07 [SpringApplicationShutdownHook] INFO  o.s.o.j.LocalContainerEntityManagerFactoryBean - Closing JPA EntityManagerFactory for persistence unit 'default'
2022-07-27_14-18-07 [SpringApplicationShutdownHook] INFO  com.zaxxer.hikari.HikariDataSource - HikariPool-1 - Shutdown initiated...
2022-07-27_14-18-07 [SpringApplicationShutdownHook] INFO  com.zaxxer.hikari.HikariDataSource - HikariPool-1 - Shutdown completed.
