2022-07-29_19-36-16 [restartedMain] INFO  c.m.c.CustomerMicroserviceApplication - Starting CustomerMicroserviceApplication using Java 16.0.2 on DESKTOP-FDNRJDU with PID 15856 (C:\Users\LENOVO\Downloads\Real-Estate-Management-System\Real-Estate-Management-System\Back-end\Customer-Microservice\target\classes started by LENOVO in C:\Users\LENOVO\Downloads\Real-Estate-Management-System\Real-Estate-Management-System\Back-end\Customer-Microservice)
2022-07-29_19-36-16 [restartedMain] INFO  c.m.c.CustomerMicroserviceApplication - No active profile set, falling back to 1 default profile: "default"
2022-07-29_19-36-16 [restartedMain] INFO  o.s.b.d.e.DevToolsPropertyDefaultsPostProcessor - Devtools property defaults active! Set 'spring.devtools.add-properties' to 'false' to disable
2022-07-29_19-36-16 [restartedMain] INFO  o.s.b.d.e.DevToolsPropertyDefaultsPostProcessor - For additional web related logging consider setting the 'logging.level.web' property to 'DEBUG'
2022-07-29_19-36-16 [restartedMain] INFO  o.s.d.r.c.RepositoryConfigurationDelegate - Bootstrapping Spring Data JPA repositories in DEFAULT mode.
2022-07-29_19-36-16 [restartedMain] INFO  o.s.d.r.c.RepositoryConfigurationDelegate - Finished Spring Data repository scanning in 94 ms. Found 2 JPA repository interfaces.
2022-07-29_19-36-16 [restartedMain] INFO  o.s.cloud.context.scope.GenericScope - BeanFactory id=8b80bfa6-2773-367d-ab04-04f9e051c46a
2022-07-29_19-36-16 [restartedMain] INFO  o.s.b.w.e.tomcat.TomcatWebServer - Tomcat initialized with port(s): 8081 (http)
2022-07-29_19-36-16 [restartedMain] INFO  o.a.coyote.http11.Http11NioProtocol - Initializing ProtocolHandler ["http-nio-8081"]
2022-07-29_19-36-16 [restartedMain] INFO  o.a.catalina.core.StandardService - Starting service [Tomcat]
2022-07-29_19-36-16 [restartedMain] INFO  o.a.catalina.core.StandardEngine - Starting Servlet engine: [Apache Tomcat/9.0.64]
2022-07-29_19-36-16 [restartedMain] INFO  o.a.c.c.C.[.[localhost].[/customer] - Initializing Spring embedded WebApplicationContext
2022-07-29_19-36-16 [restartedMain] INFO  o.s.b.w.s.c.ServletWebServerApplicationContext - Root WebApplicationContext: initialization completed in 3507 ms
2022-07-29_19-36-16 [restartedMain] INFO  com.zaxxer.hikari.HikariDataSource - HikariPool-1 - Starting...
2022-07-29_19-36-16 [restartedMain] INFO  com.zaxxer.hikari.HikariDataSource - HikariPool-1 - Start completed.
2022-07-29_19-36-16 [restartedMain] INFO  o.s.b.a.h.H2ConsoleAutoConfiguration - H2 console available at '/h2-console'. Database available at 'jdbc:h2:mem:testdb'
2022-07-29_19-36-16 [restartedMain] INFO  o.s.o.j.LocalContainerEntityManagerFactoryBean - Initialized JPA EntityManagerFactory for persistence unit 'default'
2022-07-29_19-36-16 [restartedMain] INFO  o.s.o.j.LocalContainerEntityManagerFactoryBean - Closing JPA EntityManagerFactory for persistence unit 'default'
2022-07-29_19-36-16 [restartedMain] INFO  com.zaxxer.hikari.HikariDataSource - HikariPool-1 - Shutdown initiated...
2022-07-29_19-36-16 [restartedMain] INFO  com.zaxxer.hikari.HikariDataSource - HikariPool-1 - Shutdown completed.
2022-07-29_19-36-16 [restartedMain] INFO  o.a.catalina.core.StandardService - Stopping service [Tomcat]
2022-07-29_19-36-16 [restartedMain] INFO  o.s.b.a.l.ConditionEvaluationReportLoggingListener - 

Error starting ApplicationContext. To display the conditions report re-run your application with 'debug' enabled.
2022-07-29_19-37-39 [restartedMain] INFO  c.m.c.CustomerMicroserviceApplication - Starting CustomerMicroserviceApplication using Java 16.0.2 on DESKTOP-FDNRJDU with PID 6704 (C:\Users\LENOVO\Downloads\Real-Estate-Management-System\Real-Estate-Management-System\Back-end\Customer-Microservice\target\classes started by LENOVO in C:\Users\LENOVO\Downloads\Real-Estate-Management-System\Real-Estate-Management-System\Back-end\Customer-Microservice)
2022-07-29_19-37-39 [restartedMain] INFO  c.m.c.CustomerMicroserviceApplication - No active profile set, falling back to 1 default profile: "default"
2022-07-29_19-37-39 [restartedMain] INFO  o.s.b.d.e.DevToolsPropertyDefaultsPostProcessor - Devtools property defaults active! Set 'spring.devtools.add-properties' to 'false' to disable
2022-07-29_19-37-39 [restartedMain] INFO  o.s.b.d.e.DevToolsPropertyDefaultsPostProcessor - For additional web related logging consider setting the 'logging.level.web' property to 'DEBUG'
2022-07-29_19-37-39 [restartedMain] INFO  o.s.d.r.c.RepositoryConfigurationDelegate - Bootstrapping Spring Data JPA repositories in DEFAULT mode.
2022-07-29_19-37-39 [restartedMain] INFO  o.s.d.r.c.RepositoryConfigurationDelegate - Finished Spring Data repository scanning in 45 ms. Found 2 JPA repository interfaces.
2022-07-29_19-37-39 [restartedMain] INFO  o.s.cloud.context.scope.GenericScope - BeanFactory id=8b80bfa6-2773-367d-ab04-04f9e051c46a
2022-07-29_19-37-39 [restartedMain] INFO  o.s.b.w.e.tomcat.TomcatWebServer - Tomcat initialized with port(s): 8081 (http)
2022-07-29_19-37-39 [restartedMain] INFO  o.a.coyote.http11.Http11NioProtocol - Initializing ProtocolHandler ["http-nio-8081"]
2022-07-29_19-37-39 [restartedMain] INFO  o.a.catalina.core.StandardService - Starting service [Tomcat]
2022-07-29_19-37-39 [restartedMain] INFO  o.a.catalina.core.StandardEngine - Starting Servlet engine: [Apache Tomcat/9.0.64]
2022-07-29_19-37-39 [restartedMain] INFO  o.a.c.c.C.[.[localhost].[/customer] - Initializing Spring embedded WebApplicationContext
2022-07-29_19-37-39 [restartedMain] INFO  o.s.b.w.s.c.ServletWebServerApplicationContext - Root WebApplicationContext: initialization completed in 2899 ms
2022-07-29_19-37-39 [restartedMain] INFO  com.zaxxer.hikari.HikariDataSource - HikariPool-1 - Starting...
2022-07-29_19-37-39 [restartedMain] INFO  com.zaxxer.hikari.HikariDataSource - HikariPool-1 - Start completed.
2022-07-29_19-37-39 [restartedMain] INFO  o.s.b.a.h.H2ConsoleAutoConfiguration - H2 console available at '/h2-console'. Database available at 'jdbc:h2:mem:testdb'
2022-07-29_19-37-39 [restartedMain] INFO  o.s.o.j.LocalContainerEntityManagerFactoryBean - Initialized JPA EntityManagerFactory for persistence unit 'default'
2022-07-29_19-37-39 [restartedMain] INFO  o.s.o.j.LocalContainerEntityManagerFactoryBean - Closing JPA EntityManagerFactory for persistence unit 'default'
2022-07-29_19-37-39 [restartedMain] INFO  com.zaxxer.hikari.HikariDataSource - HikariPool-1 - Shutdown initiated...
2022-07-29_19-37-39 [restartedMain] INFO  com.zaxxer.hikari.HikariDataSource - HikariPool-1 - Shutdown completed.
2022-07-29_19-37-39 [restartedMain] INFO  o.a.catalina.core.StandardService - Stopping service [Tomcat]
2022-07-29_19-37-39 [restartedMain] INFO  o.s.b.a.l.ConditionEvaluationReportLoggingListener - 

Error starting ApplicationContext. To display the conditions report re-run your application with 'debug' enabled.
2022-07-29_19-39-46 [restartedMain] INFO  c.m.c.CustomerMicroserviceApplication - Starting CustomerMicroserviceApplication using Java 16.0.2 on DESKTOP-FDNRJDU with PID 10564 (C:\Users\LENOVO\Downloads\Real-Estate-Management-System\Real-Estate-Management-System\Back-end\Customer-Microservice\target\classes started by LENOVO in C:\Users\LENOVO\Downloads\Real-Estate-Management-System\Real-Estate-Management-System\Back-end\Customer-Microservice)
2022-07-29_19-39-46 [restartedMain] INFO  c.m.c.CustomerMicroserviceApplication - No active profile set, falling back to 1 default profile: "default"
2022-07-29_19-39-46 [restartedMain] INFO  o.s.b.d.e.DevToolsPropertyDefaultsPostProcessor - Devtools property defaults active! Set 'spring.devtools.add-properties' to 'false' to disable
2022-07-29_19-39-46 [restartedMain] INFO  o.s.b.d.e.DevToolsPropertyDefaultsPostProcessor - For additional web related logging consider setting the 'logging.level.web' property to 'DEBUG'
2022-07-29_19-39-46 [restartedMain] INFO  o.s.d.r.c.RepositoryConfigurationDelegate - Bootstrapping Spring Data JPA repositories in DEFAULT mode.
2022-07-29_19-39-46 [restartedMain] INFO  o.s.d.r.c.RepositoryConfigurationDelegate - Finished Spring Data repository scanning in 93 ms. Found 2 JPA repository interfaces.
2022-07-29_19-39-46 [restartedMain] INFO  o.s.cloud.context.scope.GenericScope - BeanFactory id=8b80bfa6-2773-367d-ab04-04f9e051c46a
2022-07-29_19-39-46 [restartedMain] INFO  o.s.b.w.e.tomcat.TomcatWebServer - Tomcat initialized with port(s): 8081 (http)
2022-07-29_19-39-46 [restartedMain] INFO  o.a.coyote.http11.Http11NioProtocol - Initializing ProtocolHandler ["http-nio-8081"]
2022-07-29_19-39-46 [restartedMain] INFO  o.a.catalina.core.StandardService - Starting service [Tomcat]
2022-07-29_19-39-46 [restartedMain] INFO  o.a.catalina.core.StandardEngine - Starting Servlet engine: [Apache Tomcat/9.0.64]
2022-07-29_19-39-46 [restartedMain] INFO  o.a.c.c.C.[.[localhost].[/customer] - Initializing Spring embedded WebApplicationContext
2022-07-29_19-39-46 [restartedMain] INFO  o.s.b.w.s.c.ServletWebServerApplicationContext - Root WebApplicationContext: initialization completed in 3110 ms
2022-07-29_19-39-46 [restartedMain] INFO  com.zaxxer.hikari.HikariDataSource - HikariPool-1 - Starting...
2022-07-29_19-39-46 [restartedMain] INFO  com.zaxxer.hikari.HikariDataSource - HikariPool-1 - Start completed.
2022-07-29_19-39-46 [restartedMain] INFO  o.s.b.a.h.H2ConsoleAutoConfiguration - H2 console available at '/h2-console'. Database available at 'jdbc:h2:mem:testdb'
2022-07-29_19-39-46 [restartedMain] INFO  o.s.o.j.LocalContainerEntityManagerFactoryBean - Initialized JPA EntityManagerFactory for persistence unit 'default'
2022-07-29_19-39-46 [restartedMain] INFO  o.s.b.d.a.OptionalLiveReloadServer - LiveReload server is running on port 35729
2022-07-29_19-39-46 [restartedMain] INFO  o.a.coyote.http11.Http11NioProtocol - Starting ProtocolHandler ["http-nio-8081"]
2022-07-29_19-39-46 [restartedMain] INFO  o.s.b.w.e.tomcat.TomcatWebServer - Tomcat started on port(s): 8081 (http) with context path '/customer'
2022-07-29_19-39-46 [restartedMain] INFO  c.m.c.CustomerMicroserviceApplication - Started CustomerMicroserviceApplication in 6.591 seconds (JVM running for 7.46)
2022-07-29_19-39-46 [RMI TCP Connection(11)-127.0.0.1] INFO  o.s.b.a.SpringApplicationAdminMXBeanRegistrar$SpringApplicationAdmin - Application shutdown requested.
2022-07-29_19-39-46 [RMI TCP Connection(11)-127.0.0.1] INFO  o.s.o.j.LocalContainerEntityManagerFactoryBean - Closing JPA EntityManagerFactory for persistence unit 'default'
2022-07-29_19-39-46 [RMI TCP Connection(11)-127.0.0.1] INFO  com.zaxxer.hikari.HikariDataSource - HikariPool-1 - Shutdown initiated...
2022-07-29_19-39-46 [RMI TCP Connection(11)-127.0.0.1] INFO  com.zaxxer.hikari.HikariDataSource - HikariPool-1 - Shutdown completed.
