2022-07-26_16-33-07 [restartedMain] INFO  c.m.a.AuthorizationMicroserviceApplication - Starting AuthorizationMicroserviceApplication using Java 17.0.3 on LAPTOP-QHPNOEOI with PID 4232 (F:\MFPE-main\Authorization-Microservice\target\classes started by saket in F:\MFPE-main)
2022-07-26_16-33-07 [restartedMain] INFO  c.m.a.AuthorizationMicroserviceApplication - No active profile set, falling back to 1 default profile: "default"
2022-07-26_16-33-07 [restartedMain] INFO  o.s.b.d.e.DevToolsPropertyDefaultsPostProcessor - Devtools property defaults active! Set 'spring.devtools.add-properties' to 'false' to disable
2022-07-26_16-33-07 [restartedMain] INFO  o.s.b.d.e.DevToolsPropertyDefaultsPostProcessor - For additional web related logging consider setting the 'logging.level.web' property to 'DEBUG'
2022-07-26_16-33-07 [restartedMain] INFO  o.s.d.r.c.RepositoryConfigurationDelegate - Bootstrapping Spring Data JPA repositories in DEFAULT mode.
2022-07-26_16-33-07 [restartedMain] INFO  o.s.d.r.c.RepositoryConfigurationDelegate - Finished Spring Data repository scanning in 138 ms. Found 1 JPA repository interfaces.
2022-07-26_16-33-07 [restartedMain] INFO  o.s.cloud.context.scope.GenericScope - BeanFactory id=611a2cff-8a9a-3567-bd12-95978ac3eb1f
2022-07-26_16-33-07 [restartedMain] INFO  o.s.b.w.e.tomcat.TomcatWebServer - Tomcat initialized with port(s): 8084 (http)
2022-07-26_16-33-07 [restartedMain] INFO  o.a.coyote.http11.Http11NioProtocol - Initializing ProtocolHandler ["http-nio-8084"]
2022-07-26_16-33-07 [restartedMain] INFO  o.a.catalina.core.StandardService - Starting service [Tomcat]
2022-07-26_16-33-07 [restartedMain] INFO  o.a.catalina.core.StandardEngine - Starting Servlet engine: [Apache Tomcat/9.0.64]
2022-07-26_16-33-07 [restartedMain] INFO  o.a.c.c.C.[.[localhost].[/auth] - Initializing Spring embedded WebApplicationContext
2022-07-26_16-33-07 [restartedMain] INFO  o.s.b.w.s.c.ServletWebServerApplicationContext - Root WebApplicationContext: initialization completed in 3777 ms
2022-07-26_16-33-07 [restartedMain] INFO  com.zaxxer.hikari.HikariDataSource - HikariPool-1 - Starting...
2022-07-26_16-33-07 [restartedMain] INFO  com.zaxxer.hikari.HikariDataSource - HikariPool-1 - Start completed.
2022-07-26_16-33-07 [restartedMain] INFO  o.s.b.a.h.H2ConsoleAutoConfiguration - H2 console available at '/h2-console'. Database available at 'jdbc:h2:mem:testdb'
2022-07-26_16-33-07 [restartedMain] INFO  o.s.o.j.LocalContainerEntityManagerFactoryBean - Initialized JPA EntityManagerFactory for persistence unit 'default'
2022-07-26_16-33-07 [restartedMain] INFO  o.s.s.web.DefaultSecurityFilterChain - Will secure any request with [org.springframework.security.web.session.DisableEncodeUrlFilter@495a7e0c, org.springframework.security.web.context.request.async.WebAsyncManagerIntegrationFilter@24dff5ca, org.springframework.security.web.context.SecurityContextPersistenceFilter@3d8f448f, org.springframework.security.web.header.HeaderWriterFilter@4bdf7980, org.springframework.web.filter.CorsFilter@6b3ce2f0, org.springframework.security.web.authentication.logout.LogoutFilter@dca558, cts.mfpe.authorization.configs.JwtRequestFilter@2a653937, org.springframework.security.web.savedrequest.RequestCacheAwareFilter@3e907302, org.springframework.security.web.servletapi.SecurityContextHolderAwareRequestFilter@3cfe42cf, org.springframework.security.web.authentication.AnonymousAuthenticationFilter@3b1a1a7f, org.springframework.security.web.session.SessionManagementFilter@622a142e, org.springframework.security.web.access.ExceptionTranslationFilter@624dd150, org.springframework.security.web.access.intercept.FilterSecurityInterceptor@77204786]
2022-07-26_16-33-07 [restartedMain] INFO  o.s.b.d.a.OptionalLiveReloadServer - LiveReload server is running on port 35729
2022-07-26_16-33-07 [restartedMain] INFO  o.a.coyote.http11.Http11NioProtocol - Starting ProtocolHandler ["http-nio-8084"]
2022-07-26_16-33-07 [restartedMain] INFO  o.s.b.w.e.tomcat.TomcatWebServer - Tomcat started on port(s): 8084 (http) with context path '/auth'
2022-07-26_16-33-07 [restartedMain] INFO  c.m.a.AuthorizationMicroserviceApplication - Started AuthorizationMicroserviceApplication in 9.84 seconds (JVM running for 11.087)
2022-07-26_16-33-07 [http-nio-8084-exec-1] INFO  o.a.c.c.C.[.[localhost].[/auth] - Initializing Spring DispatcherServlet 'dispatcherServlet'
2022-07-26_16-33-07 [http-nio-8084-exec-1] INFO  o.s.web.servlet.DispatcherServlet - Initializing Servlet 'dispatcherServlet'
2022-07-26_16-33-07 [http-nio-8084-exec-1] INFO  o.s.web.servlet.DispatcherServlet - Completed initialization in 10 ms
2022-07-26_16-33-07 [http-nio-8084-exec-2] INFO  c.m.a.services.JwtUserDetailsService - user successfully saved!
2022-07-26_16-33-07 [http-nio-8084-exec-4] INFO  c.m.a.services.JwtUserDetailsService - User found
2022-07-26_16-33-07 [http-nio-8084-exec-4] INFO  c.m.a.services.JwtUserDetailsService - user successfully located
2022-07-26_16-33-07 [http-nio-8084-exec-4] INFO  c.m.a.services.JwtUserDetailsService - User found
2022-07-26_16-33-07 [http-nio-8084-exec-4] INFO  c.m.a.services.JwtUserDetailsService - user successfully located
2022-07-26_16-33-07 [http-nio-8084-exec-6] INFO  c.m.a.services.JwtUserDetailsService - User found
2022-07-26_16-33-07 [http-nio-8084-exec-6] INFO  c.m.a.services.JwtUserDetailsService - user successfully located
2022-07-26_16-33-07 [http-nio-8084-exec-6] INFO  c.m.a.services.JwtUserDetailsService - User found
2022-07-26_16-33-07 [http-nio-8084-exec-6] INFO  c.m.a.services.JwtUserDetailsService - user successfully located
2022-07-26_16-33-07 [http-nio-8084-exec-8] INFO  c.m.a.services.JwtUserDetailsService - User found
2022-07-26_16-33-07 [http-nio-8084-exec-8] INFO  c.m.a.services.JwtUserDetailsService - user successfully located
2022-07-26_16-33-07 [http-nio-8084-exec-8] INFO  c.m.a.services.JwtUserDetailsService - User found
2022-07-26_16-33-07 [http-nio-8084-exec-8] INFO  c.m.a.services.JwtUserDetailsService - user successfully located
2022-07-26_16-33-07 [http-nio-8084-exec-9] INFO  c.m.a.services.JwtUserDetailsService - user successfully saved!
2022-07-26_16-33-07 [http-nio-8084-exec-10] INFO  c.m.a.services.JwtUserDetailsService - User found
2022-07-26_16-33-07 [http-nio-8084-exec-10] INFO  c.m.a.services.JwtUserDetailsService - user successfully located
2022-07-26_16-33-07 [http-nio-8084-exec-10] INFO  c.m.a.services.JwtUserDetailsService - User found
2022-07-26_16-33-07 [http-nio-8084-exec-10] INFO  c.m.a.services.JwtUserDetailsService - user successfully located
2022-07-26_16-33-07 [http-nio-8084-exec-1] INFO  c.m.a.services.JwtUserDetailsService - user successfully saved!
2022-07-26_16-33-07 [http-nio-8084-exec-2] INFO  c.m.a.services.JwtUserDetailsService - User found
2022-07-26_16-33-07 [http-nio-8084-exec-2] INFO  c.m.a.services.JwtUserDetailsService - user successfully located
2022-07-26_16-33-07 [http-nio-8084-exec-2] INFO  c.m.a.services.JwtUserDetailsService - User found
2022-07-26_16-33-07 [http-nio-8084-exec-2] INFO  c.m.a.services.JwtUserDetailsService - user successfully located
