2022-07-28_22-30-23 [restartedMain] ERROR o.s.boot.SpringApplication - Application run failed
org.springframework.context.ApplicationContextException: Unable to start web server; nested exception is java.lang.IllegalStateException: Unable to create application temp directory C:\Users\LENOVO\AppData\Local\Temp\DEDEDA9A734B1480C7A22B910205FC82896406A2
	at org.springframework.boot.web.servlet.context.ServletWebServerApplicationContext.onRefresh(ServletWebServerApplicationContext.java:165)
	at org.springframework.context.support.AbstractApplicationContext.refresh(AbstractApplicationContext.java:577)
	at org.springframework.boot.web.servlet.context.ServletWebServerApplicationContext.refresh(ServletWebServerApplicationContext.java:147)
	at org.springframework.boot.SpringApplication.refresh(SpringApplication.java:734)
	at org.springframework.boot.SpringApplication.refreshContext(SpringApplication.java:408)
	at org.springframework.boot.SpringApplication.run(SpringApplication.java:308)
	at org.springframework.boot.SpringApplication.run(SpringApplication.java:1306)
	at org.springframework.boot.SpringApplication.run(SpringApplication.java:1295)
	at cts.mfpe.authorization.AuthorizationMicroserviceApplication.main(AuthorizationMicroserviceApplication.java:10)
	at java.base/jdk.internal.reflect.NativeMethodAccessorImpl.invoke0(Native Method)
	at java.base/jdk.internal.reflect.NativeMethodAccessorImpl.invoke(Unknown Source)
	at java.base/jdk.internal.reflect.DelegatingMethodAccessorImpl.invoke(Unknown Source)
	at java.base/java.lang.reflect.Method.invoke(Unknown Source)
	at org.springframework.boot.devtools.restart.RestartLauncher.run(RestartLauncher.java:49)
Caused by: java.lang.IllegalStateException: Unable to create application temp directory C:\Users\LENOVO\AppData\Local\Temp\DEDEDA9A734B1480C7A22B910205FC82896406A2
	at org.springframework.boot.system.ApplicationTemp.createDirectory(ApplicationTemp.java:110)
	at org.springframework.boot.system.ApplicationTemp.getPath(ApplicationTemp.java:96)
	at org.springframework.boot.system.ApplicationTemp.getDir(ApplicationTemp.java:89)
	at org.springframework.boot.web.servlet.server.SessionStoreDirectory.getValidDirectory(SessionStoreDirectory.java:46)
	at org.springframework.boot.web.servlet.server.AbstractServletWebServerFactory.getValidSessionStoreDir(AbstractServletWebServerFactory.java:306)
	at org.springframework.boot.web.servlet.server.AbstractServletWebServerFactory.getValidSessionStoreDir(AbstractServletWebServerFactory.java:302)
	at org.springframework.boot.web.embedded.tomcat.TomcatServletWebServerFactory.configurePersistSession(TomcatServletWebServerFactory.java:445)
	at org.springframework.boot.web.embedded.tomcat.TomcatServletWebServerFactory.configureSession(TomcatServletWebServerFactory.java:420)
	at org.springframework.boot.web.embedded.tomcat.TomcatServletWebServerFactory.configureContext(TomcatServletWebServerFactory.java:396)
	at org.springframework.boot.web.embedded.tomcat.TomcatServletWebServerFactory.prepareContext(TomcatServletWebServerFactory.java:258)
	at org.springframework.boot.web.embedded.tomcat.TomcatServletWebServerFactory.getWebServer(TomcatServletWebServerFactory.java:210)
	at org.springframework.boot.web.servlet.context.ServletWebServerApplicationContext.createWebServer(ServletWebServerApplicationContext.java:184)
	at org.springframework.boot.web.servlet.context.ServletWebServerApplicationContext.onRefresh(ServletWebServerApplicationContext.java:162)
	... 13 common frames omitted
Caused by: java.nio.file.FileAlreadyExistsException: C:\Users\LENOVO\AppData\Local\Temp\DEDEDA9A734B1480C7A22B910205FC82896406A2
	at java.base/sun.nio.fs.WindowsException.translateToIOException(Unknown Source)
	at java.base/sun.nio.fs.WindowsException.rethrowAsIOException(Unknown Source)
	at java.base/sun.nio.fs.WindowsException.rethrowAsIOException(Unknown Source)
	at java.base/sun.nio.fs.WindowsFileSystemProvider.createDirectory(Unknown Source)
	at java.base/java.nio.file.Files.createDirectory(Unknown Source)
	at org.springframework.boot.system.ApplicationTemp.createDirectory(ApplicationTemp.java:105)
	... 25 common frames omitted
