2022-07-21_16-41-24 [restartedMain] INFO  c.m.a.AuthorizationMicroserviceApplication - Starting AuthorizationMicroserviceApplication using Java 15.0.1 on LAPTOP-QHPNOEOI with PID 11604 (F:\MFPE-main\Authorization-Microservice\target\classes started by saket in F:\MFPE-main\Authorization-Microservice)
2022-07-21_16-41-24 [restartedMain] INFO  c.m.a.AuthorizationMicroserviceApplication - No active profile set, falling back to 1 default profile: "default"
2022-07-21_16-41-24 [restartedMain] INFO  o.s.b.d.e.DevToolsPropertyDefaultsPostProcessor - Devtools property defaults active! Set 'spring.devtools.add-properties' to 'false' to disable
2022-07-21_16-41-24 [restartedMain] INFO  o.s.b.d.e.DevToolsPropertyDefaultsPostProcessor - For additional web related logging consider setting the 'logging.level.web' property to 'DEBUG'
2022-07-21_16-41-24 [restartedMain] INFO  o.s.d.r.c.RepositoryConfigurationDelegate - Bootstrapping Spring Data JPA repositories in DEFAULT mode.
2022-07-21_16-41-24 [restartedMain] INFO  o.s.d.r.c.RepositoryConfigurationDelegate - Finished Spring Data repository scanning in 78 ms. Found 1 JPA repository interfaces.
2022-07-21_16-41-24 [restartedMain] INFO  o.s.cloud.context.scope.GenericScope - BeanFactory id=611a2cff-8a9a-3567-bd12-95978ac3eb1f
2022-07-21_16-41-24 [restartedMain] INFO  o.s.b.w.e.tomcat.TomcatWebServer - Tomcat initialized with port(s): 8084 (http)
2022-07-21_16-41-24 [restartedMain] INFO  o.a.coyote.http11.Http11NioProtocol - Initializing ProtocolHandler ["http-nio-8084"]
2022-07-21_16-41-24 [restartedMain] INFO  o.a.catalina.core.StandardService - Starting service [Tomcat]
2022-07-21_16-41-24 [restartedMain] INFO  o.a.catalina.core.StandardEngine - Starting Servlet engine: [Apache Tomcat/9.0.64]
2022-07-21_16-41-24 [restartedMain] INFO  o.a.c.c.C.[.[localhost].[/auth] - Initializing Spring embedded WebApplicationContext
2022-07-21_16-41-24 [restartedMain] INFO  o.s.b.w.s.c.ServletWebServerApplicationContext - Root WebApplicationContext: initialization completed in 3872 ms
2022-07-21_16-41-24 [restartedMain] INFO  com.zaxxer.hikari.HikariDataSource - HikariPool-1 - Starting...
2022-07-21_16-41-24 [restartedMain] INFO  com.zaxxer.hikari.HikariDataSource - HikariPool-1 - Start completed.
2022-07-21_16-41-24 [restartedMain] INFO  o.s.b.a.h.H2ConsoleAutoConfiguration - H2 console available at '/h2-console'. Database available at 'jdbc:h2:mem:testdb'
2022-07-21_16-41-24 [restartedMain] INFO  o.a.catalina.core.StandardService - Stopping service [Tomcat]
2022-07-21_16-41-24 [restartedMain] INFO  com.zaxxer.hikari.HikariDataSource - HikariPool-1 - Shutdown initiated...
2022-07-21_16-41-24 [restartedMain] INFO  com.zaxxer.hikari.HikariDataSource - HikariPool-1 - Shutdown completed.
2022-07-21_16-41-24 [restartedMain] INFO  o.s.b.a.l.ConditionEvaluationReportLoggingListener - 

Error starting ApplicationContext. To display the conditions report re-run your application with 'debug' enabled.
2022-07-21_16-41-51 [restartedMain] INFO  c.m.a.AuthorizationMicroserviceApplication - Starting AuthorizationMicroserviceApplication using Java 15.0.1 on LAPTOP-QHPNOEOI with PID 2272 (F:\MFPE-main\Authorization-Microservice\target\classes started by saket in F:\MFPE-main\Authorization-Microservice)
2022-07-21_16-41-51 [restartedMain] INFO  c.m.a.AuthorizationMicroserviceApplication - No active profile set, falling back to 1 default profile: "default"
2022-07-21_16-41-51 [restartedMain] INFO  o.s.b.d.e.DevToolsPropertyDefaultsPostProcessor - Devtools property defaults active! Set 'spring.devtools.add-properties' to 'false' to disable
2022-07-21_16-41-51 [restartedMain] INFO  o.s.b.d.e.DevToolsPropertyDefaultsPostProcessor - For additional web related logging consider setting the 'logging.level.web' property to 'DEBUG'
2022-07-21_16-41-51 [restartedMain] INFO  o.s.d.r.c.RepositoryConfigurationDelegate - Bootstrapping Spring Data JPA repositories in DEFAULT mode.
2022-07-21_16-41-51 [restartedMain] INFO  o.s.d.r.c.RepositoryConfigurationDelegate - Finished Spring Data repository scanning in 68 ms. Found 1 JPA repository interfaces.
2022-07-21_16-41-51 [restartedMain] INFO  o.s.cloud.context.scope.GenericScope - BeanFactory id=611a2cff-8a9a-3567-bd12-95978ac3eb1f
2022-07-21_16-41-51 [restartedMain] INFO  o.s.b.w.e.tomcat.TomcatWebServer - Tomcat initialized with port(s): 8084 (http)
2022-07-21_16-41-51 [restartedMain] INFO  o.a.coyote.http11.Http11NioProtocol - Initializing ProtocolHandler ["http-nio-8084"]
2022-07-21_16-41-51 [restartedMain] INFO  o.a.catalina.core.StandardService - Starting service [Tomcat]
2022-07-21_16-41-51 [restartedMain] INFO  o.a.catalina.core.StandardEngine - Starting Servlet engine: [Apache Tomcat/9.0.64]
2022-07-21_16-41-51 [restartedMain] INFO  o.a.c.c.C.[.[localhost].[/auth] - Initializing Spring embedded WebApplicationContext
2022-07-21_16-41-51 [restartedMain] INFO  o.s.b.w.s.c.ServletWebServerApplicationContext - Root WebApplicationContext: initialization completed in 3668 ms
2022-07-21_16-41-51 [restartedMain] INFO  com.zaxxer.hikari.HikariDataSource - HikariPool-1 - Starting...
2022-07-21_16-41-51 [restartedMain] INFO  com.zaxxer.hikari.HikariDataSource - HikariPool-1 - Start completed.
2022-07-21_16-41-51 [restartedMain] INFO  o.s.b.a.h.H2ConsoleAutoConfiguration - H2 console available at '/h2-console'. Database available at 'jdbc:h2:mem:testdb'
2022-07-21_16-41-51 [restartedMain] INFO  o.a.catalina.core.StandardService - Stopping service [Tomcat]
2022-07-21_16-41-51 [restartedMain] INFO  com.zaxxer.hikari.HikariDataSource - HikariPool-1 - Shutdown initiated...
2022-07-21_16-41-51 [restartedMain] INFO  com.zaxxer.hikari.HikariDataSource - HikariPool-1 - Shutdown completed.
2022-07-21_16-41-51 [restartedMain] INFO  o.s.b.a.l.ConditionEvaluationReportLoggingListener - 

Error starting ApplicationContext. To display the conditions report re-run your application with 'debug' enabled.
